{"noun":"user","payload":{"logins":152,"user_id":245},"time":1408210877,"verb":"login"}
{"noun":"user","payload":{"logins":865,"user_id":342},"time":1409982021,"verb":"login"}
{"noun":"user","payload":{"logins":439,"user_id":151},"time":1407755648,"verb":"login"}
{"noun":"user","payload":{"logins":500,"user_id":200},"time":1408555886,"verb":"login"}
{"noun":"user","payload":{"logins":761,"user_id":277},"time":1409518021,"verb":"login"}
{"noun":"user","payload":{"logins":147,"user_id":345},"time":1408824332,"verb":"login"}
{"noun":"user","payload":{"logins":16,"user_id":211},"time":1408892635,"verb":"login"}
{"noun":"user","payload":{"email":"dj1128iw@gvipvuoxo.com","name":"Xnku Huolaip","user_id":153},"time":1407957178,"verb":"sign_up"}
{"noun":"user","payload":{"email":"8mbglj663@lwgo2miw.net","name":"Ycq Gberdaab","user_id":129},"time":1408723482,"verb":"sign_up"}
{"noun":"user","payload":{"email":"bjxj2iqt@ibu3qf1rr.edu","name":"Huo Nmplvcrnl","user_id":121},"time":1409025036,"verb":"sign_up"}
{"noun":"user","payload":{"email":"qxbi4n9w7@j0a73fqu1.com","name":"Wpgdiimc Lrhyr","user_id":182},"time":1409963062,"verb":"sign_up"}
{"noun":"user","payload":{"email":"49zq66m@8dggujvorny.org","name":"Ygrel Dlgrd","user_id":128},"time":1408935607,"verb":"sign_up"}
{"noun":"user","payload":{"email":"eznbgektbs@w790d309q4.com","name":"Dmrgt Xbbkmbwyu","user_id":304},"time":1409267736,"verb":"sign_up"}
{"noun":"user","payload":{"email":"pq1lvh8@fbzhb2aqkw.org","name":"Fiw Gdfds","user_id":103},"time":1409914162,"verb":"sign_up"}
{"noun":"video","payload":{"episode":23,"title":"Zccqn Hqlqgmveg","type":"TV","user_id":409},"time":1408467760,"verb":"watch"}
{"noun":"video","payload":{"episode":null,"title":"Zcvt Saazkseos","type":"Movie","user_id":193},"time":1409963539,"verb":"watch"}
{"noun":"video","payload":{"episode":23,"title":"Eestfuc Obdblnyb","type":"TV","user_id":492},"time":1408528294,"verb":"watch"}
{"noun":"video","payload":{"episode":24,"title":"Gewz Ybubbn","type":"TV","user_id":249},"time":1407961415,"verb":"watch"}
{"noun":"video","payload":{"episode":null,"title":"Vxv Yjuakr","type":"Movie","user_id":386},"time":1409820048,"verb":"watch"}
{"noun":"video","payload":{"episode":null,"title":"Zxdspqn Wspipqjv","type":"Movie","user_id":267},"time":1408888436,"verb":"watch"}
{"noun":"video","payload":{"episode":2,"title":"Lmjmco Urmxbbx","type":"TV","user_id":141},"time":1408326735,"verb":"watch"}
