{"noun":"user","payload":{"logins":539,"user_id":453},"time":1408659177,"verb":"login"}
{"noun":"user","payload":{"logins":642,"user_id":498},"time":1408792838,"verb":"login"}
{"noun":"user","payload":{"logins":439,"user_id":195},"time":1409764296,"verb":"login"}
{"noun":"user","payload":{"logins":319,"user_id":474},"time":1407991654,"verb":"login"}
{"noun":"user","payload":{"logins":967,"user_id":443},"time":1408735971,"verb":"login"}
{"noun":"user","payload":{"logins":484,"user_id":116},"time":1409494210,"verb":"login"}
{"noun":"user","payload":{"logins":618,"user_id":414},"time":1409312291,"verb":"login"}
{"noun":"user","payload":{"email":"91bl42@1g7la8vafjm.org","name":"Dkyj Ushqigto","user_id":401},"time":1407628873,"verb":"sign_up"}
{"noun":"user","payload":{"email":"wam3yvx993@dly49l9v.gov","name":"Arn Fengpxae","user_id":474},"time":1408638144,"verb":"sign_up"}
{"noun":"user","payload":{"email":"lqer3xw375@1thzcorg.gov","name":"Vfa Revywz","user_id":287},"time":1408203461,"verb":"sign_up"}
{"noun":"user","payload":{"email":"abzc1n83i@2pksth9kch59.com","name":"Jnndgbbc Lztrw","user_id":102},"time":1407893198,"verb":"sign_up"}
{"noun":"user","payload":{"email":"9iw9wutx@5wsllw1y.gov","name":"Mgzq Aotbrrlr","user_id":359},"time":1407874890,"verb":"sign_up"}
{"noun":"user","payload":{"email":"h7znox@trm1ummfq8z.com","name":"Wklqa Awrgcyo","user_id":134},"time":1408492000,"verb":"sign_up"}
{"noun":"user","payload":{"email":"vt8pi@d2yn581c.gov","name":"Szeui Ktnxftc","user_id":262},"time":1408318499,"verb":"sign_up"}
{"noun":"video","payload":{"episode":null,"title":"Ngugli Nmbowvepd","type":"Movie","user_id":249},"time":1407945813,"verb":"watch"}
{"noun":"video","payload":{"episode":null,"title":"Krnjtlr Pcvupmv","type":"Movie","user_id":191},"time":1409765925,"verb":"watch"}
{"noun":"video","payload":{"episode":17,"title":"Aymnro Zvgodzoakz","type":"TV","user_id":341},"time":1409424563,"verb":"watch"}
{"noun":"video","payload":{"episode":4,"title":"Whfxb Kwwzvr","type":"TV","user_id":379},"time":1407776117,"verb":"watch"}
{"noun":"video","payload":{"episode":8,"title":"Kngxll Aevadpxoqo","type":"TV","user_id":224},"time":1407902858,"verb":"watch"}
{"noun":"video","payload":{"episode":3,"title":"Grdnsav Bronsar","type":"TV","user_id":394},"time":1409635950,"verb":"watch"}
{"noun":"video","payload":{"episode":17,"title":"Onoigrwd Wqdch","type":"TV","user_id":224},"time":1408657642,"verb":"watch"}
